2026-05-11 00:44:59,123  DEBUG     PIL.Image  Importing PngImagePlugin
2026-05-11 00:44:59,143  DEBUG     PIL.PngImagePlugin  STREAM b'IHDR' 16 13
2026-05-11 00:44:59,143  DEBUG     PIL.PngImagePlugin  STREAM b'IDAT' 41 14718
2026-05-11 00:44:59,182  DEBUG     PIL.PngImagePlugin  STREAM b'IHDR' 16 13
2026-05-11 00:44:59,192  DEBUG     PIL.PngImagePlugin  STREAM b'IDAT' 41 3118
2026-05-11 00:44:59,226  INFO      core.watcher  Watching C:\Users\Shi_Y\OneDrive\Codes\my-tools\Sym-Link\symlinks.json
2026-05-11 00:44:59,294  DEBUG     PIL.Image  Importing AvifImagePlugin
2026-05-11 00:44:59,306  DEBUG     PIL.Image  Importing BlpImagePlugin
2026-05-11 00:44:59,341  DEBUG     PIL.Image  Importing BmpImagePlugin
2026-05-11 00:44:59,353  DEBUG     PIL.Image  Importing BufrStubImagePlugin
2026-05-11 00:44:59,365  DEBUG     PIL.Image  Importing CurImagePlugin
2026-05-11 00:44:59,370  DEBUG     PIL.Image  Importing DcxImagePlugin
2026-05-11 00:44:59,383  DEBUG     PIL.Image  Importing DdsImagePlugin
2026-05-11 00:44:59,388  DEBUG     PIL.Image  Importing EpsImagePlugin
2026-05-11 00:44:59,398  DEBUG     PIL.Image  Importing FitsImagePlugin
2026-05-11 00:44:59,404  DEBUG     PIL.Image  Importing FliImagePlugin
2026-05-11 00:44:59,420  DEBUG     PIL.Image  Importing FpxImagePlugin
2026-05-11 00:44:59,433  DEBUG     PIL.Image  Image: failed to import FpxImagePlugin: No module named 'olefile'
2026-05-11 00:44:59,441  DEBUG     PIL.Image  Importing FtexImagePlugin
2026-05-11 00:44:59,450  DEBUG     PIL.Image  Importing GbrImagePlugin
2026-05-11 00:44:59,452  INFO      root  [startup] Running sync...
2026-05-11 00:44:59,459  DEBUG     PIL.Image  Importing GifImagePlugin
2026-05-11 00:44:59,462  DEBUG     PIL.Image  Importing GribStubImagePlugin
2026-05-11 00:44:59,467  DEBUG     PIL.Image  Importing Hdf5StubImagePlugin
2026-05-11 00:44:59,468  DEBUG     PIL.Image  Importing IcnsImagePlugin
2026-05-11 00:44:59,472  DEBUG     PIL.Image  Importing IcoImagePlugin
2026-05-11 00:44:59,477  DEBUG     PIL.Image  Importing ImImagePlugin
2026-05-11 00:44:59,485  DEBUG     PIL.Image  Importing ImtImagePlugin
2026-05-11 00:44:59,488  DEBUG     PIL.PngImagePlugin  STREAM b'IHDR' 16 13
2026-05-11 00:44:59,494  DEBUG     PIL.Image  Importing IptcImagePlugin
2026-05-11 00:44:59,494  DEBUG     PIL.PngImagePlugin  STREAM b'IDAT' 41 2972
2026-05-11 00:44:59,496  DEBUG     PIL.Image  Importing JpegImagePlugin
2026-05-11 00:44:59,496  DEBUG     PIL.Image  Importing Jpeg2KImagePlugin
2026-05-11 00:44:59,496  DEBUG     PIL.Image  Importing McIdasImagePlugin
2026-05-11 00:44:59,500  DEBUG     PIL.Image  Importing MicImagePlugin
2026-05-11 00:44:59,501  INFO      core.watcher  Watching C:\Smalltools\test-drive\A (recursive=True)
2026-05-11 00:44:59,501  DEBUG     PIL.Image  Image: failed to import MicImagePlugin: No module named 'olefile'
2026-05-11 00:44:59,509  DEBUG     PIL.Image  Importing MpegImagePlugin
2026-05-11 00:44:59,509  INFO      core.watcher  Watching C:\Users\Shi_Y\OneDrive (recursive=True)
2026-05-11 00:44:59,511  INFO      core.watcher  Watching C:\Smalltools\test-drive\B (recursive=True)
2026-05-11 00:44:59,512  DEBUG     PIL.Image  Importing MpoImagePlugin
2026-05-11 00:44:59,515  INFO      core.watcher  DriveRootThread started: C:\
2026-05-11 00:44:59,515  INFO      core.watcher  DriveRootThread started: G:\
2026-05-11 00:44:59,515  INFO      root  Sync done: 0 created, 27 skipped, 0 failed, 0 broken
2026-05-11 00:44:59,519  DEBUG     PIL.Image  Importing MspImagePlugin
2026-05-11 00:44:59,527  DEBUG     PIL.Image  Importing PalmImagePlugin
2026-05-11 00:44:59,528  DEBUG     PIL.Image  Importing PcdImagePlugin
2026-05-11 00:44:59,529  DEBUG     PIL.Image  Importing PcxImagePlugin
2026-05-11 00:44:59,529  DEBUG     PIL.Image  Importing PdfImagePlugin
2026-05-11 00:44:59,536  DEBUG     PIL.Image  Importing PixarImagePlugin
2026-05-11 00:44:59,537  DEBUG     PIL.Image  Importing PngImagePlugin
2026-05-11 00:44:59,544  DEBUG     PIL.Image  Importing PpmImagePlugin
2026-05-11 00:44:59,544  DEBUG     PIL.Image  Importing PsdImagePlugin
2026-05-11 00:44:59,546  DEBUG     PIL.Image  Importing QoiImagePlugin
2026-05-11 00:44:59,548  DEBUG     PIL.Image  Importing SgiImagePlugin
2026-05-11 00:44:59,549  DEBUG     PIL.Image  Importing SpiderImagePlugin
2026-05-11 00:44:59,550  DEBUG     PIL.Image  Importing SunImagePlugin
2026-05-11 00:44:59,551  DEBUG     PIL.Image  Importing TgaImagePlugin
2026-05-11 00:44:59,552  DEBUG     PIL.Image  Importing TiffImagePlugin
2026-05-11 00:44:59,552  DEBUG     PIL.Image  Importing WebPImagePlugin
2026-05-11 00:44:59,566  DEBUG     PIL.Image  Importing WmfImagePlugin
2026-05-11 00:44:59,569  DEBUG     PIL.Image  Importing XbmImagePlugin
2026-05-11 00:44:59,570  DEBUG     PIL.Image  Importing XpmImagePlugin
2026-05-11 00:44:59,576  DEBUG     PIL.Image  Importing XVThumbImagePlugin
2026-05-11 00:44:59,601  DEBUG     core.watcher  [watchdog] modified  is_dir=False  src=C:\Users\Shi_Y\OneDrive\Codes\my-tools\Sym-Link\gui\symlink-gui.log  dest=
2026-05-11 00:44:59,603  DEBUG     core.watcher  [watchdog] modified  is_dir=False  src=C:\Users\Shi_Y\OneDrive\Codes\my-tools\Sym-Link\gui\symlink-gui.log  dest=
2026-05-11 00:45:00,009  DEBUG     core.watcher  [watchdog] modified  is_dir=False  src=C:\Users\Shi_Y\OneDrive\Codes\my-tools\Sym-Link\gui\symlink-gui.log  dest=
2026-05-11 00:45:00,412  DEBUG     core.watcher  [watchdog] modified  is_dir=False  src=C:\Users\Shi_Y\OneDrive\Codes\my-tools\Sym-Link\gui\symlink-gui.log  dest=
2026-05-11 00:45:00,415  DEBUG     core.watcher  [watchdog] modified  is_dir=False  src=C:\Users\Shi_Y\OneDrive\Codes\my-tools\Sym-Link\gui\symlink-gui.log  dest=
2026-05-11 00:45:00,814  DEBUG     core.watcher  [watchdog] modified  is_dir=False  src=C:\Users\Shi_Y\OneDrive\Codes\my-tools\Sym-Link\gui\symlink-gui.log  dest=
2026-05-11 00:45:00,819  DEBUG     core.watcher  [watchdog] modified  is_dir=False  src=C:\Users\Shi_Y\OneDrive\Codes\my-tools\Sym-Link\gui\symlink-gui.log  dest=
2026-05-11 00:45:01,204  DEBUG     core.watcher  [watchdog] modified  is_dir=False  src=C:\Users\Shi_Y\OneDrive\Codes\my-tools\Sym-Link\gui\symlink-gui.log  dest=
2026-05-11 00:45:01,601  DEBUG     core.watcher  [watchdog] modified  is_dir=False  src=C:\Users\Shi_Y\OneDrive\Codes\my-tools\Sym-Link\gui\symlink-gui.log  dest=
2026-05-11 00:45:01,608  DEBUG     core.watcher  [watchdog] modified  is_dir=False  src=C:\Users\Shi_Y\OneDrive\Codes\my-tools\Sym-Link\gui\symlink-gui.log  dest=
2026-05-11 00:45:02,022  DEBUG     core.watcher  [watchdog] modified  is_dir=False  src=C:\Users\Shi_Y\OneDrive\Codes\my-tools\Sym-Link\gui\symlink-gui.log  dest=
2026-05-11 00:45:02,026  DEBUG     core.watcher  [watchdog] modified  is_dir=False  src=C:\Users\Shi_Y\OneDrive\Codes\my-tools\Sym-Link\gui\symlink-gui.log  dest=
2026-05-11 00:45:02,421  DEBUG     core.watcher  [watchdog] modified  is_dir=False  src=C:\Users\Shi_Y\OneDrive\Codes\my-tools\Sym-Link\gui\symlink-gui.log  dest=
2026-05-11 00:45:02,430  DEBUG     core.watcher  [watchdog] modified  is_dir=False  src=C:\Users\Shi_Y\OneDrive\Codes\my-tools\Sym-Link\gui\symlink-gui.log  dest=
2026-05-11 00:45:02,824  DEBUG     core.watcher  [watchdog] modified  is_dir=False  src=C:\Users\Shi_Y\OneDrive\Codes\my-tools\Sym-Link\gui\symlink-gui.log  dest=
2026-05-11 00:45:02,825  DEBUG     core.watcher  [watchdog] modified  is_dir=False  src=C:\Users\Shi_Y\OneDrive\Codes\my-tools\Sym-Link\gui\symlink-gui.log  dest=
2026-05-11 00:45:03,219  DEBUG     core.watcher  [watchdog] modified  is_dir=False  src=C:\Users\Shi_Y\OneDrive\Codes\my-tools\Sym-Link\gui\symlink-gui.log  dest=
2026-05-11 00:45:03,221  DEBUG     core.watcher  [watchdog] modified  is_dir=False  src=C:\Users\Shi_Y\OneDrive\Codes\my-tools\Sym-Link\gui\symlink-gui.log  dest=
2026-05-11 00:45:03,621  DEBUG     core.watcher  [watchdog] modified  is_dir=False  src=C:\Users\Shi_Y\OneDrive\Codes\my-tools\Sym-Link\gui\symlink-gui.log  dest=
2026-05-11 00:45:04,027  DEBUG     core.watcher  [watchdog] modified  is_dir=False  src=C:\Users\Shi_Y\OneDrive\Codes\my-tools\Sym-Link\gui\symlink-gui.log  dest=
2026-05-11 00:45:04,027  DEBUG     core.watcher  [watchdog] modified  is_dir=False  src=C:\Users\Shi_Y\OneDrive\Codes\my-tools\Sym-Link\gui\symlink-gui.log  dest=
2026-05-11 00:45:04,028  DEBUG     core.watcher  [watchdog] modified  is_dir=False  src=C:\Users\Shi_Y\OneDrive\Codes\my-tools\Sym-Link\gui\symlink-gui.log  dest=
2026-05-11 00:45:04,029  DEBUG     core.watcher  [watchdog] modified  is_dir=False  src=C:\Users\Shi_Y\OneDrive\Codes\my-tools\Sym-Link\gui\symlink-gui.log  dest=
2026-05-11 00:45:04,451  DEBUG     core.watcher  [watchdog] modified  is_dir=False  src=C:\Users\Shi_Y\OneDrive\Codes\my-tools\Sym-Link\gui\symlink-gui.log  dest=
2026-05-11 00:45:04,848  DEBUG     core.watcher  [watchdog] modified  is_dir=False  src=C:\Users\Shi_Y\OneDrive\Codes\my-tools\Sym-Link\gui\symlink-gui.log  dest=
2026-05-11 00:45:04,849  DEBUG     core.watcher  [watchdog] modified  is_dir=False  src=C:\Users\Shi_Y\OneDrive\Codes\my-tools\Sym-Link\gui\symlink-gui.log  dest=
2026-05-11 00:45:05,253  DEBUG     core.watcher  [watchdog] modified  is_dir=False  src=C:\Users\Shi_Y\OneDrive\Codes\my-tools\Sym-Link\gui\symlink-gui.log  dest=
2026-05-11 00:45:05,254  DEBUG     core.watcher  [watchdog] modified  is_dir=False  src=C:\Users\Shi_Y\OneDrive\Codes\my-tools\Sym-Link\gui\symlink-gui.log  dest=
2026-05-11 00:45:05,647  DEBUG     core.watcher  [watchdog] modified  is_dir=False  src=C:\Users\Shi_Y\OneDrive\Codes\my-tools\Sym-Link\gui\symlink-gui.log  dest=
2026-05-11 00:45:06,036  DEBUG     core.watcher  [watchdog] modified  is_dir=False  src=C:\Users\Shi_Y\OneDrive\Codes\my-tools\Sym-Link\gui\symlink-gui.log  dest=
2026-05-11 00:45:06,038  DEBUG     core.watcher  [watchdog] modified  is_dir=False  src=C:\Users\Shi_Y\OneDrive\Codes\my-tools\Sym-Link\gui\symlink-gui.log  dest=
2026-05-11 00:45:06,435  DEBUG     core.watcher  [watchdog] modified  is_dir=False  src=C:\Users\Shi_Y\OneDrive\Codes\my-tools\Sym-Link\gui\symlink-gui.log  dest=
2026-05-11 00:45:06,436  DEBUG     core.watcher  [watchdog] modified  is_dir=False  src=C:\Users\Shi_Y\OneDrive\Codes\my-tools\Sym-Link\gui\symlink-gui.log  dest=
2026-05-11 00:45:06,436  DEBUG     core.watcher  [watchdog] modified  is_dir=False  src=C:\Users\Shi_Y\OneDrive\Codes\my-tools\Sym-Link\gui\symlink-gui.log  dest=
2026-05-11 00:45:06,837  DEBUG     core.watcher  [watchdog] modified  is_dir=False  src=C:\Users\Shi_Y\OneDrive\Codes\my-tools\Sym-Link\gui\symlink-gui.log  dest=
2026-05-11 00:45:06,861  DEBUG     core.watcher  [watchdog] modified  is_dir=False  src=C:\Users\Shi_Y\OneDrive\Codes\my-tools\Sym-Link\gui\symlink-gui.log  dest=
2026-05-11 00:45:06,907  DEBUG     core.watcher  [watchdog] modified  is_dir=False  src=C:\Users\Shi_Y\OneDrive\Codes\my-tools\Sym-Link\gui\symlink-gui.log  dest=
2026-05-11 00:45:07,226  DEBUG     core.watcher  [watchdog] modified  is_dir=False  src=C:\Users\Shi_Y\OneDrive\Codes\my-tools\Sym-Link\gui\symlink-gui.log  dest=
2026-05-11 00:45:07,243  DEBUG     core.watcher  [watchdog] modified  is_dir=False  src=C:\Users\Shi_Y\OneDrive\Codes\my-tools\Sym-Link\gui\symlink-gui.log  dest=
2026-05-11 00:45:07,630  DEBUG     core.watcher  [watchdog] modified  is_dir=False  src=C:\Users\Shi_Y\OneDrive\Codes\my-tools\Sym-Link\gui\symlink-gui.log  dest=
2026-05-11 00:45:07,658  DEBUG     core.watcher  [watchdog] modified  is_dir=False  src=C:\Users\Shi_Y\OneDrive\Codes\my-tools\Sym-Link\gui\symlink-gui.log  dest=
2026-05-11 00:45:08,034  DEBUG     core.watcher  [watchdog] modified  is_dir=False  src=C:\Users\Shi_Y\OneDrive\Codes\my-tools\Sym-Link\gui\symlink-gui.log  dest=
2026-05-11 00:45:08,044  DEBUG     core.watcher  [watchdog] modified  is_dir=False  src=C:\Users\Shi_Y\OneDrive\Codes\my-tools\Sym-Link\gui\symlink-gui.log  dest=
2026-05-11 00:45:08,437  DEBUG     core.watcher  [watchdog] modified  is_dir=False  src=C:\Users\Shi_Y\OneDrive\Codes\my-tools\Sym-Link\gui\symlink-gui.log  dest=
2026-05-11 00:45:08,455  DEBUG     core.watcher  [watchdog] modified  is_dir=False  src=C:\Users\Shi_Y\OneDrive\Codes\my-tools\Sym-Link\gui\symlink-gui.log  dest=
2026-05-11 00:45:08,840  DEBUG     core.watcher  [watchdog] modified  is_dir=False  src=C:\Users\Shi_Y\OneDrive\Codes\my-tools\Sym-Link\gui\symlink-gui.log  dest=
2026-05-11 00:45:08,884  DEBUG     core.watcher  [watchdog] modified  is_dir=False  src=C:\Users\Shi_Y\OneDrive\Codes\my-tools\Sym-Link\gui\symlink-gui.log  dest=
2026-05-11 00:45:09,263  DEBUG     core.watcher  [watchdog] modified  is_dir=False  src=C:\Users\Shi_Y\OneDrive\Codes\my-tools\Sym-Link\gui\symlink-gui.log  dest=
2026-05-11 00:45:09,282  DEBUG     core.watcher  [watchdog] modified  is_dir=False  src=C:\Users\Shi_Y\OneDrive\Codes\my-tools\Sym-Link\gui\symlink-gui.log  dest=
2026-05-11 00:45:09,676  DEBUG     core.watcher  [watchdog] modified  is_dir=False  src=C:\Users\Shi_Y\OneDrive\Codes\my-tools\Sym-Link\gui\symlink-gui.log  dest=
2026-05-11 00:45:09,707  DEBUG     core.watcher  [watchdog] modified  is_dir=False  src=C:\Users\Shi_Y\OneDrive\Codes\my-tools\Sym-Link\gui\symlink-gui.log  dest=
2026-05-11 00:45:10,078  DEBUG     core.watcher  [watchdog] modified  is_dir=False  src=C:\Users\Shi_Y\OneDrive\Codes\my-tools\Sym-Link\gui\symlink-gui.log  dest=
2026-05-11 00:45:10,094  DEBUG     core.watcher  [watchdog] modified  is_dir=False  src=C:\Users\Shi_Y\OneDrive\Codes\my-tools\Sym-Link\gui\symlink-gui.log  dest=
2026-05-11 00:45:10,482  DEBUG     core.watcher  [watchdog] modified  is_dir=False  src=C:\Users\Shi_Y\OneDrive\Codes\my-tools\Sym-Link\gui\symlink-gui.log  dest=
2026-05-11 00:45:10,483  DEBUG     core.watcher  [watchdog] modified  is_dir=False  src=C:\Users\Shi_Y\OneDrive\Codes\my-tools\Sym-Link\gui\symlink-gui.log  dest=
2026-05-11 00:45:10,746  DEBUG     core.watcher  [watchdog] modified  is_dir=False  src=C:\Users\Shi_Y\OneDrive\Codes\my-tools\Sym-Link\symlinks.json  dest=
2026-05-11 00:45:10,747  DEBUG     core.watcher  [watchdog] modified  is_dir=False  src=C:\Users\Shi_Y\OneDrive\Codes\my-tools\Sym-Link\symlinks.json  dest=
2026-05-11 00:45:10,747  DEBUG     core.watcher  [watchdog] modified  is_dir=False  src=C:\Users\Shi_Y\OneDrive\Codes\my-tools\Sym-Link\symlinks.json  dest=
2026-05-11 00:45:10,764  DEBUG     core.watcher  [watchdog] modified  is_dir=False  src=C:\Users\Shi_Y\OneDrive\Codes\my-tools\Sym-Link\symlinks.json  dest=
2026-05-11 00:45:10,779  DEBUG     core.watcher  [watchdog] modified  is_dir=False  src=C:\Users\Shi_Y\OneDrive\Codes\my-tools\Sym-Link\symlinks.json  dest=
2026-05-11 00:45:10,782  DEBUG     core.watcher  [watchdog] modified  is_dir=False  src=C:\Users\Shi_Y\OneDrive\Codes\my-tools\Sym-Link\symlinks.json  dest=
2026-05-11 00:45:10,792  DEBUG     core.watcher  [watchdog] modified  is_dir=False  src=C:\Users\Shi_Y\OneDrive\Codes\my-tools\Sym-Link\symlinks.json  dest=
2026-05-11 00:45:10,793  DEBUG     core.watcher  [watchdog] modified  is_dir=False  src=C:\Users\Shi_Y\OneDrive\Codes\my-tools\Sym-Link\symlinks.json  dest=
2026-05-11 00:45:10,794  DEBUG     core.watcher  [watchdog] modified  is_dir=False  src=C:\Users\Shi_Y\OneDrive\Codes\my-tools\Sym-Link\symlinks.json  dest=
2026-05-11 00:45:10,840  DEBUG     core.watcher  find_recent_create('empty2-link', 10.0s): deque has 0 entries
2026-05-11 00:45:10,840  DEBUG     core.watcher    → no match found
2026-05-11 00:45:10,841  DEBUG     core.watcher  find_recent_create('test-link', 10.0s): deque has 0 entries
2026-05-11 00:45:10,841  DEBUG     core.watcher    → no match found
2026-05-11 00:45:10,841  DEBUG     core.watcher  find_recent_create('new-link', 10.0s): deque has 0 entries
2026-05-11 00:45:10,841  DEBUG     core.watcher    → no match found
2026-05-11 00:45:10,841  DEBUG     core.watcher  find_recent_create('empty-link', 10.0s): deque has 0 entries
2026-05-11 00:45:10,842  DEBUG     core.watcher    → no match found
2026-05-11 00:45:10,888  DEBUG     core.watcher  [watchdog] modified  is_dir=False  src=C:\Users\Shi_Y\OneDrive\Codes\my-tools\Sym-Link\gui\symlink-gui.log  dest=
2026-05-11 00:45:10,890  DEBUG     core.watcher  [watchdog] modified  is_dir=False  src=C:\Users\Shi_Y\OneDrive\Codes\my-tools\Sym-Link\gui\symlink-gui.log  dest=
2026-05-11 00:45:11,284  DEBUG     core.watcher  [watchdog] modified  is_dir=False  src=C:\Users\Shi_Y\OneDrive\Codes\my-tools\Sym-Link\gui\symlink-gui.log  dest=
2026-05-11 00:45:11,285  DEBUG     core.watcher  [watchdog] modified  is_dir=False  src=C:\Users\Shi_Y\OneDrive\Codes\my-tools\Sym-Link\gui\symlink-gui.log  dest=
2026-05-11 00:45:11,687  DEBUG     core.watcher  [watchdog] modified  is_dir=False  src=C:\Users\Shi_Y\OneDrive\Codes\my-tools\Sym-Link\gui\symlink-gui.log  dest=
2026-05-11 00:45:11,694  DEBUG     core.watcher  [watchdog] modified  is_dir=False  src=C:\Users\Shi_Y\OneDrive\Codes\my-tools\Sym-Link\gui\symlink-gui.log  dest=
2026-05-11 00:45:12,090  DEBUG     core.watcher  [watchdog] modified  is_dir=False  src=C:\Users\Shi_Y\OneDrive\Codes\my-tools\Sym-Link\gui\symlink-gui.log  dest=
2026-05-11 00:45:12,106  DEBUG     core.watcher  [watchdog] modified  is_dir=False  src=C:\Users\Shi_Y\OneDrive\Codes\my-tools\Sym-Link\gui\symlink-gui.log  dest=
2026-05-11 00:45:12,493  DEBUG     core.watcher  [watchdog] modified  is_dir=False  src=C:\Users\Shi_Y\OneDrive\Codes\my-tools\Sym-Link\gui\symlink-gui.log  dest=
2026-05-11 00:45:12,496  DEBUG     core.watcher  [watchdog] modified  is_dir=False  src=C:\Users\Shi_Y\OneDrive\Codes\my-tools\Sym-Link\gui\symlink-gui.log  dest=
2026-05-11 00:45:12,802  INFO      core.watcher  symlinks.json changed, queuing smart_sync
2026-05-11 00:45:12,897  DEBUG     core.watcher  [watchdog] modified  is_dir=False  src=C:\Users\Shi_Y\OneDrive\Codes\my-tools\Sym-Link\gui\symlink-gui.log  dest=
2026-05-11 00:45:12,901  DEBUG     core.watcher  [watchdog] modified  is_dir=False  src=C:\Users\Shi_Y\OneDrive\Codes\my-tools\Sym-Link\gui\symlink-gui.log  dest=
2026-05-11 00:45:12,909  INFO      root  Smart sync done: 0 created, 0 failed, 0 broken
2026-05-11 00:45:13,299  DEBUG     core.watcher  [watchdog] modified  is_dir=False  src=C:\Users\Shi_Y\OneDrive\Codes\my-tools\Sym-Link\gui\symlink-gui.log  dest=
2026-05-11 00:45:13,300  DEBUG     core.watcher  [watchdog] modified  is_dir=False  src=C:\Users\Shi_Y\OneDrive\Codes\my-tools\Sym-Link\gui\symlink-gui.log  dest=
2026-05-11 00:45:13,701  DEBUG     core.watcher  [watchdog] modified  is_dir=False  src=C:\Users\Shi_Y\OneDrive\Codes\my-tools\Sym-Link\gui\symlink-gui.log  dest=
2026-05-11 00:45:13,704  DEBUG     core.watcher  [watchdog] modified  is_dir=False  src=C:\Users\Shi_Y\OneDrive\Codes\my-tools\Sym-Link\gui\symlink-gui.log  dest=
2026-05-11 00:45:14,105  DEBUG     core.watcher  [watchdog] modified  is_dir=False  src=C:\Users\Shi_Y\OneDrive\Codes\my-tools\Sym-Link\gui\symlink-gui.log  dest=
2026-05-11 00:45:14,111  DEBUG     core.watcher  [watchdog] modified  is_dir=False  src=C:\Users\Shi_Y\OneDrive\Codes\my-tools\Sym-Link\gui\symlink-gui.log  dest=
2026-05-11 00:45:14,506  DEBUG     core.watcher  [watchdog] modified  is_dir=False  src=C:\Users\Shi_Y\OneDrive\Codes\my-tools\Sym-Link\gui\symlink-gui.log  dest=
2026-05-11 00:45:14,910  DEBUG     core.watcher  [watchdog] modified  is_dir=False  src=C:\Users\Shi_Y\OneDrive\Codes\my-tools\Sym-Link\gui\symlink-gui.log  dest=
2026-05-11 00:45:14,918  DEBUG     core.watcher  [watchdog] modified  is_dir=False  src=C:\Users\Shi_Y\OneDrive\Codes\my-tools\Sym-Link\gui\symlink-gui.log  dest=
2026-05-11 00:45:15,313  DEBUG     core.watcher  [watchdog] modified  is_dir=False  src=C:\Users\Shi_Y\OneDrive\Codes\my-tools\Sym-Link\gui\symlink-gui.log  dest=
2026-05-11 00:45:15,315  DEBUG     core.watcher  [watchdog] modified  is_dir=False  src=C:\Users\Shi_Y\OneDrive\Codes\my-tools\Sym-Link\gui\symlink-gui.log  dest=
2026-05-11 00:45:15,316  DEBUG     core.watcher  [watchdog] modified  is_dir=False  src=C:\Users\Shi_Y\OneDrive\Codes\my-tools\Sym-Link\gui\ui\__pycache__\dialogs.cpython-313.pyc  dest=
2026-05-11 00:45:15,318  DEBUG     core.watcher  [watchdog] modified  is_dir=False  src=C:\Users\Shi_Y\OneDrive\Codes\my-tools\Sym-Link\symlinks.json  dest=
2026-05-11 00:45:15,321  DEBUG     core.watcher  [watchdog] modified  is_dir=False  src=C:\Users\Shi_Y\OneDrive\Codes\my-tools\Sym-Link\symlinks.json  dest=
2026-05-11 00:45:15,718  DEBUG     core.watcher  [watchdog] modified  is_dir=False  src=C:\Users\Shi_Y\OneDrive\Codes\my-tools\Sym-Link\gui\symlink-gui.log  dest=
2026-05-11 00:45:15,722  DEBUG     core.watcher  [watchdog] modified  is_dir=False  src=C:\Users\Shi_Y\OneDrive\Codes\my-tools\Sym-Link\gui\symlink-gui.log  dest=
2026-05-11 00:45:16,124  DEBUG     core.watcher  [watchdog] modified  is_dir=False  src=C:\Users\Shi_Y\OneDrive\Codes\my-tools\Sym-Link\gui\symlink-gui.log  dest=
2026-05-11 00:45:16,125  DEBUG     core.watcher  [watchdog] modified  is_dir=False  src=C:\Users\Shi_Y\OneDrive\Codes\my-tools\Sym-Link\gui\symlink-gui.log  dest=
2026-05-11 00:45:16,525  DEBUG     core.watcher  [watchdog] modified  is_dir=False  src=C:\Users\Shi_Y\OneDrive\Codes\my-tools\Sym-Link\gui\symlink-gui.log  dest=
2026-05-11 00:45:16,527  DEBUG     core.watcher  [watchdog] modified  is_dir=False  src=C:\Users\Shi_Y\OneDrive\Codes\my-tools\Sym-Link\gui\symlink-gui.log  dest=
2026-05-11 00:45:16,927  DEBUG     core.watcher  [watchdog] modified  is_dir=False  src=C:\Users\Shi_Y\OneDrive\Codes\my-tools\Sym-Link\gui\symlink-gui.log  dest=
2026-05-11 00:45:17,332  INFO      core.watcher  symlinks.json changed, queuing smart_sync
2026-05-11 00:45:17,333  DEBUG     core.watcher  [watchdog] modified  is_dir=False  src=C:\Users\Shi_Y\OneDrive\Codes\my-tools\Sym-Link\gui\symlink-gui.log  dest=
2026-05-11 00:45:17,339  DEBUG     core.watcher  [watchdog] modified  is_dir=False  src=C:\Users\Shi_Y\OneDrive\Codes\my-tools\Sym-Link\gui\symlink-gui.log  dest=
2026-05-11 00:45:17,552  INFO      root  Smart sync done: 0 created, 0 failed, 0 broken
2026-05-11 00:45:17,732  DEBUG     core.watcher  [watchdog] modified  is_dir=False  src=C:\Users\Shi_Y\OneDrive\Codes\my-tools\Sym-Link\gui\symlink-gui.log  dest=
2026-05-11 00:45:17,734  DEBUG     core.watcher  [watchdog] modified  is_dir=False  src=C:\Users\Shi_Y\OneDrive\Codes\my-tools\Sym-Link\gui\symlink-gui.log  dest=
2026-05-11 00:45:18,136  DEBUG     core.watcher  [watchdog] modified  is_dir=False  src=C:\Users\Shi_Y\OneDrive\Codes\my-tools\Sym-Link\gui\symlink-gui.log  dest=
2026-05-11 00:45:18,136  DEBUG     core.watcher  [watchdog] modified  is_dir=False  src=C:\Users\Shi_Y\OneDrive\Codes\my-tools\Sym-Link\gui\symlink-gui.log  dest=
2026-05-11 00:45:18,137  DEBUG     core.watcher  [watchdog] modified  is_dir=False  src=C:\Users\Shi_Y\OneDrive\Codes\my-tools\Sym-Link\gui\symlink-gui.log  dest=
2026-05-11 00:45:18,137  DEBUG     core.watcher  [watchdog] modified  is_dir=False  src=C:\Users\Shi_Y\OneDrive\Codes\my-tools\Sym-Link\gui\symlink-gui.log  dest=
2026-05-11 00:45:18,535  DEBUG     core.watcher  [watchdog] modified  is_dir=False  src=C:\Users\Shi_Y\OneDrive\Codes\my-tools\Sym-Link\gui\symlink-gui.log  dest=
2026-05-11 00:45:18,536  DEBUG     core.watcher  [watchdog] modified  is_dir=False  src=C:\Users\Shi_Y\OneDrive\Codes\my-tools\Sym-Link\gui\symlink-gui.log  dest=
2026-05-11 00:45:18,941  DEBUG     core.watcher  [watchdog] modified  is_dir=False  src=C:\Users\Shi_Y\OneDrive\Codes\my-tools\Sym-Link\gui\symlink-gui.log  dest=
2026-05-11 00:45:18,942  DEBUG     core.watcher  [watchdog] modified  is_dir=False  src=C:\Users\Shi_Y\OneDrive\Codes\my-tools\Sym-Link\gui\symlink-gui.log  dest=
2026-05-11 00:45:18,942  DEBUG     core.watcher  [watchdog] modified  is_dir=False  src=C:\Users\Shi_Y\OneDrive\Codes\my-tools\Sym-Link\gui\symlink-gui.log  dest=
2026-05-11 00:45:18,942  DEBUG     core.watcher  [watchdog] modified  is_dir=False  src=C:\Users\Shi_Y\OneDrive\Codes\my-tools\Sym-Link\gui\symlink-gui.log  dest=
2026-05-11 00:45:18,950  DEBUG     core.watcher  [watchdog] modified  is_dir=False  src=C:\Users\Shi_Y\OneDrive\Codes\my-tools\Sym-Link\gui\symlink-gui.log  dest=
2026-05-11 00:45:18,953  DEBUG     core.watcher  [watchdog] modified  is_dir=False  src=C:\Users\Shi_Y\OneDrive\Codes\my-tools\Sym-Link\gui\symlink-gui.log  dest=
2026-05-11 00:45:19,346  DEBUG     core.watcher  [watchdog] modified  is_dir=False  src=C:\Users\Shi_Y\OneDrive\Codes\my-tools\Sym-Link\gui\symlink-gui.log  dest=
2026-05-11 00:45:19,347  DEBUG     core.watcher  [watchdog] modified  is_dir=False  src=C:\Users\Shi_Y\OneDrive\Codes\my-tools\Sym-Link\gui\symlink-gui.log  dest=
2026-05-11 00:45:19,750  DEBUG     core.watcher  [watchdog] modified  is_dir=False  src=C:\Users\Shi_Y\OneDrive\Codes\my-tools\Sym-Link\gui\symlink-gui.log  dest=
2026-05-11 00:45:19,750  DEBUG     core.watcher  [watchdog] modified  is_dir=False  src=C:\Users\Shi_Y\OneDrive\Codes\my-tools\Sym-Link\gui\symlink-gui.log  dest=
2026-05-11 00:45:20,152  DEBUG     core.watcher  [watchdog] modified  is_dir=False  src=C:\Users\Shi_Y\OneDrive\Codes\my-tools\Sym-Link\gui\symlink-gui.log  dest=
2026-05-11 00:45:20,152  DEBUG     core.watcher  [watchdog] modified  is_dir=False  src=C:\Users\Shi_Y\OneDrive\Codes\my-tools\Sym-Link\gui\symlink-gui.log  dest=
2026-05-11 00:45:20,154  DEBUG     core.watcher  [watchdog] modified  is_dir=False  src=C:\Users\Shi_Y\OneDrive\Codes\my-tools\Sym-Link\gui\symlink-gui.log  dest=
2026-05-11 00:45:20,563  DEBUG     core.watcher  [watchdog] modified  is_dir=False  src=C:\Users\Shi_Y\OneDrive\Codes\my-tools\Sym-Link\gui\symlink-gui.log  dest=
2026-05-11 00:45:20,565  DEBUG     core.watcher  [watchdog] modified  is_dir=False  src=C:\Users\Shi_Y\OneDrive\Codes\my-tools\Sym-Link\gui\symlink-gui.log  dest=
2026-05-11 00:45:20,956  DEBUG     core.watcher  [watchdog] modified  is_dir=False  src=C:\Users\Shi_Y\OneDrive\Codes\my-tools\Sym-Link\gui\symlink-gui.log  dest=
2026-05-11 00:45:20,958  DEBUG     core.watcher  [watchdog] modified  is_dir=False  src=C:\Users\Shi_Y\OneDrive\Codes\my-tools\Sym-Link\gui\symlink-gui.log  dest=
2026-05-11 00:45:21,361  DEBUG     core.watcher  [watchdog] modified  is_dir=False  src=C:\Users\Shi_Y\OneDrive\Codes\my-tools\Sym-Link\gui\symlink-gui.log  dest=
2026-05-11 00:45:21,368  DEBUG     core.watcher  [watchdog] modified  is_dir=False  src=C:\Users\Shi_Y\OneDrive\Codes\my-tools\Sym-Link\gui\symlink-gui.log  dest=
2026-05-11 00:45:21,760  DEBUG     core.watcher  [watchdog] modified  is_dir=False  src=C:\Users\Shi_Y\OneDrive\Codes\my-tools\Sym-Link\gui\symlink-gui.log  dest=
2026-05-11 00:45:21,761  DEBUG     core.watcher  [watchdog] modified  is_dir=False  src=C:\Users\Shi_Y\OneDrive\Codes\my-tools\Sym-Link\gui\symlink-gui.log  dest=
2026-05-11 00:45:22,162  DEBUG     core.watcher  [watchdog] modified  is_dir=False  src=C:\Users\Shi_Y\OneDrive\Codes\my-tools\Sym-Link\gui\symlink-gui.log  dest=
2026-05-11 00:45:22,166  DEBUG     core.watcher  [watchdog] modified  is_dir=False  src=C:\Users\Shi_Y\OneDrive\Codes\my-tools\Sym-Link\gui\symlink-gui.log  dest=
2026-05-11 00:45:22,568  DEBUG     core.watcher  [watchdog] modified  is_dir=False  src=C:\Users\Shi_Y\OneDrive\Codes\my-tools\Sym-Link\gui\symlink-gui.log  dest=
2026-05-11 00:45:22,570  DEBUG     core.watcher  [watchdog] modified  is_dir=False  src=C:\Users\Shi_Y\OneDrive\Codes\my-tools\Sym-Link\gui\symlink-gui.log  dest=
2026-05-11 00:45:22,994  DEBUG     core.watcher  [watchdog] modified  is_dir=False  src=C:\Users\Shi_Y\OneDrive\Codes\my-tools\Sym-Link\gui\symlink-gui.log  dest=
2026-05-11 00:45:23,009  DEBUG     core.watcher  [watchdog] modified  is_dir=False  src=C:\Users\Shi_Y\OneDrive\Codes\my-tools\Sym-Link\gui\symlink-gui.log  dest=
2026-05-11 00:45:23,388  DEBUG     core.watcher  [watchdog] modified  is_dir=False  src=C:\Users\Shi_Y\OneDrive\Codes\my-tools\Sym-Link\gui\symlink-gui.log  dest=
2026-05-11 00:45:23,398  DEBUG     core.watcher  [watchdog] modified  is_dir=False  src=C:\Users\Shi_Y\OneDrive\Codes\my-tools\Sym-Link\gui\symlink-gui.log  dest=
2026-05-11 00:45:23,793  DEBUG     core.watcher  [watchdog] modified  is_dir=False  src=C:\Users\Shi_Y\OneDrive\Codes\my-tools\Sym-Link\gui\symlink-gui.log  dest=
2026-05-11 00:45:23,801  DEBUG     core.watcher  [watchdog] modified  is_dir=False  src=C:\Users\Shi_Y\OneDrive\Codes\my-tools\Sym-Link\gui\symlink-gui.log  dest=
2026-05-11 00:45:24,196  DEBUG     core.watcher  [watchdog] modified  is_dir=False  src=C:\Users\Shi_Y\OneDrive\Codes\my-tools\Sym-Link\gui\symlink-gui.log  dest=
2026-05-11 00:45:24,597  DEBUG     core.watcher  [watchdog] modified  is_dir=False  src=C:\Users\Shi_Y\OneDrive\Codes\my-tools\Sym-Link\gui\symlink-gui.log  dest=
2026-05-11 00:45:24,645  DEBUG     core.watcher  [watchdog] modified  is_dir=False  src=C:\Users\Shi_Y\OneDrive\Codes\my-tools\Sym-Link\gui\symlink-gui.log  dest=
2026-05-11 00:45:25,003  DEBUG     core.watcher  [watchdog] modified  is_dir=False  src=C:\Users\Shi_Y\OneDrive\Codes\my-tools\Sym-Link\gui\symlink-gui.log  dest=
2026-05-11 00:45:25,010  DEBUG     core.watcher  [watchdog] modified  is_dir=False  src=C:\Users\Shi_Y\OneDrive\Codes\my-tools\Sym-Link\gui\symlink-gui.log  dest=
2026-05-11 00:45:25,404  DEBUG     core.watcher  [watchdog] modified  is_dir=False  src=C:\Users\Shi_Y\OneDrive\Codes\my-tools\Sym-Link\gui\symlink-gui.log  dest=
2026-05-11 00:45:25,458  DEBUG     core.watcher  [watchdog] modified  is_dir=False  src=C:\Users\Shi_Y\OneDrive\Codes\my-tools\Sym-Link\gui\symlink-gui.log  dest=
2026-05-11 00:45:25,808  DEBUG     core.watcher  [watchdog] modified  is_dir=False  src=C:\Users\Shi_Y\OneDrive\Codes\my-tools\Sym-Link\gui\symlink-gui.log  dest=
2026-05-11 00:45:25,810  DEBUG     core.watcher  [watchdog] modified  is_dir=False  src=C:\Users\Shi_Y\OneDrive\Codes\my-tools\Sym-Link\gui\symlink-gui.log  dest=
2026-05-11 00:45:26,209  DEBUG     core.watcher  [watchdog] modified  is_dir=False  src=C:\Users\Shi_Y\OneDrive\Codes\my-tools\Sym-Link\gui\symlink-gui.log  dest=
2026-05-11 00:45:26,212  DEBUG     core.watcher  [watchdog] modified  is_dir=False  src=C:\Users\Shi_Y\OneDrive\Codes\my-tools\Sym-Link\gui\symlink-gui.log  dest=
2026-05-11 00:45:26,216  DEBUG     core.watcher  [watchdog] modified  is_dir=False  src=C:\Users\Shi_Y\OneDrive\Codes\my-tools\Sym-Link\gui\symlink-gui.log  dest=
2026-05-11 00:45:26,613  DEBUG     core.watcher  [watchdog] modified  is_dir=False  src=C:\Users\Shi_Y\OneDrive\Codes\my-tools\Sym-Link\gui\symlink-gui.log  dest=
2026-05-11 00:45:27,013  DEBUG     core.watcher  [watchdog] modified  is_dir=False  src=C:\Users\Shi_Y\OneDrive\Codes\my-tools\Sym-Link\gui\symlink-gui.log  dest=
2026-05-11 00:45:27,013  DEBUG     core.watcher  [watchdog] modified  is_dir=False  src=C:\Users\Shi_Y\OneDrive\Codes\my-tools\Sym-Link\gui\symlink-gui.log  dest=
2026-05-11 00:45:27,014  DEBUG     core.watcher  [watchdog] modified  is_dir=False  src=C:\Users\Shi_Y\OneDrive\Codes\my-tools\Sym-Link\gui\symlink-gui.log  dest=
2026-05-11 00:45:27,014  DEBUG     core.watcher  [watchdog] modified  is_dir=False  src=C:\Users\Shi_Y\OneDrive\Codes\my-tools\Sym-Link\gui\symlink-gui.log  dest=
2026-05-11 00:45:27,413  DEBUG     core.watcher  [watchdog] modified  is_dir=False  src=C:\Users\Shi_Y\OneDrive\Codes\my-tools\Sym-Link\gui\symlink-gui.log  dest=
2026-05-11 00:45:27,417  DEBUG     core.watcher  [watchdog] modified  is_dir=False  src=C:\Users\Shi_Y\OneDrive\Codes\my-tools\Sym-Link\gui\symlink-gui.log  dest=
2026-05-11 00:45:27,817  DEBUG     core.watcher  [watchdog] modified  is_dir=False  src=C:\Users\Shi_Y\OneDrive\Codes\my-tools\Sym-Link\gui\symlink-gui.log  dest=
2026-05-11 00:45:27,817  DEBUG     core.watcher  [watchdog] modified  is_dir=False  src=C:\Users\Shi_Y\OneDrive\Codes\my-tools\Sym-Link\gui\symlink-gui.log  dest=
2026-05-11 00:45:28,235  DEBUG     core.watcher  [watchdog] modified  is_dir=False  src=C:\Users\Shi_Y\OneDrive\Codes\my-tools\Sym-Link\gui\symlink-gui.log  dest=
2026-05-11 00:45:28,236  DEBUG     core.watcher  [watchdog] modified  is_dir=False  src=C:\Users\Shi_Y\OneDrive\Codes\my-tools\Sym-Link\gui\symlink-gui.log  dest=
2026-05-11 00:45:28,653  DEBUG     core.watcher  [watchdog] modified  is_dir=False  src=C:\Users\Shi_Y\OneDrive\Codes\my-tools\Sym-Link\gui\symlink-gui.log  dest=
2026-05-11 00:45:29,056  DEBUG     core.watcher  [watchdog] modified  is_dir=False  src=C:\Users\Shi_Y\OneDrive\Codes\my-tools\Sym-Link\gui\symlink-gui.log  dest=
2026-05-11 00:45:29,060  DEBUG     core.watcher  [watchdog] modified  is_dir=False  src=C:\Users\Shi_Y\OneDrive\Codes\my-tools\Sym-Link\gui\symlink-gui.log  dest=
2026-05-11 00:45:29,458  DEBUG     core.watcher  [watchdog] modified  is_dir=False  src=C:\Users\Shi_Y\OneDrive\Codes\my-tools\Sym-Link\gui\symlink-gui.log  dest=
2026-05-11 00:45:29,858  DEBUG     core.watcher  [watchdog] modified  is_dir=False  src=C:\Users\Shi_Y\OneDrive\Codes\my-tools\Sym-Link\gui\symlink-gui.log  dest=
2026-05-11 00:45:29,858  DEBUG     core.watcher  [watchdog] modified  is_dir=False  src=C:\Users\Shi_Y\OneDrive\Codes\my-tools\Sym-Link\gui\symlink-gui.log  dest=
2026-05-11 00:45:30,257  DEBUG     core.watcher  [watchdog] modified  is_dir=False  src=C:\Users\Shi_Y\OneDrive\Codes\my-tools\Sym-Link\gui\symlink-gui.log  dest=
2026-05-11 00:45:30,259  DEBUG     core.watcher  [watchdog] modified  is_dir=False  src=C:\Users\Shi_Y\OneDrive\Codes\my-tools\Sym-Link\gui\symlink-gui.log  dest=
2026-05-11 00:45:30,662  DEBUG     core.watcher  [watchdog] modified  is_dir=False  src=C:\Users\Shi_Y\OneDrive\Codes\my-tools\Sym-Link\gui\symlink-gui.log  dest=
2026-05-11 00:45:30,668  DEBUG     core.watcher  [watchdog] modified  is_dir=False  src=C:\Users\Shi_Y\OneDrive\Codes\my-tools\Sym-Link\gui\symlink-gui.log  dest=
2026-05-11 00:45:31,082  DEBUG     core.watcher  [watchdog] modified  is_dir=False  src=C:\Users\Shi_Y\OneDrive\Codes\my-tools\Sym-Link\gui\symlink-gui.log  dest=
2026-05-11 00:45:31,082  DEBUG     core.watcher  [watchdog] modified  is_dir=False  src=C:\Users\Shi_Y\OneDrive\Codes\my-tools\Sym-Link\gui\symlink-gui.log  dest=
2026-05-11 00:45:31,083  DEBUG     core.watcher  [watchdog] modified  is_dir=False  src=C:\Users\Shi_Y\OneDrive\Codes\my-tools\Sym-Link\gui\symlink-gui.log  dest=
2026-05-11 00:45:31,484  DEBUG     core.watcher  [watchdog] modified  is_dir=False  src=C:\Users\Shi_Y\OneDrive\Codes\my-tools\Sym-Link\gui\symlink-gui.log  dest=
2026-05-11 00:45:31,484  DEBUG     core.watcher  [watchdog] modified  is_dir=False  src=C:\Users\Shi_Y\OneDrive\Codes\my-tools\Sym-Link\gui\symlink-gui.log  dest=
2026-05-11 00:45:31,485  DEBUG     core.watcher  [watchdog] modified  is_dir=False  src=C:\Users\Shi_Y\OneDrive\Codes\my-tools\Sym-Link\gui\symlink-gui.log  dest=
2026-05-11 00:45:31,888  DEBUG     core.watcher  [watchdog] modified  is_dir=False  src=C:\Users\Shi_Y\OneDrive\Codes\my-tools\Sym-Link\gui\symlink-gui.log  dest=
2026-05-11 00:45:32,292  DEBUG     core.watcher  [watchdog] modified  is_dir=False  src=C:\Users\Shi_Y\OneDrive\Codes\my-tools\Sym-Link\gui\symlink-gui.log  dest=
2026-05-11 00:45:32,691  DEBUG     core.watcher  [watchdog] modified  is_dir=False  src=C:\Users\Shi_Y\OneDrive\Codes\my-tools\Sym-Link\gui\symlink-gui.log  dest=
2026-05-11 00:45:32,692  DEBUG     core.watcher  [watchdog] modified  is_dir=False  src=C:\Users\Shi_Y\OneDrive\Codes\my-tools\Sym-Link\gui\symlink-gui.log  dest=
2026-05-11 00:45:32,692  DEBUG     core.watcher  [watchdog] modified  is_dir=False  src=C:\Users\Shi_Y\OneDrive\Codes\my-tools\Sym-Link\gui\symlink-gui.log  dest=
2026-05-11 00:45:32,693  DEBUG     core.watcher  [watchdog] modified  is_dir=False  src=C:\Users\Shi_Y\OneDrive\Codes\my-tools\Sym-Link\gui\symlink-gui.log  dest=
2026-05-11 00:45:32,693  DEBUG     core.watcher  [watchdog] modified  is_dir=False  src=C:\Users\Shi_Y\OneDrive\Codes\my-tools\Sym-Link\gui\symlink-gui.log  dest=
2026-05-11 00:45:33,109  DEBUG     core.watcher  [watchdog] modified  is_dir=False  src=C:\Users\Shi_Y\OneDrive\Codes\my-tools\Sym-Link\gui\symlink-gui.log  dest=
2026-05-11 00:45:33,110  DEBUG     core.watcher  [watchdog] modified  is_dir=False  src=C:\Users\Shi_Y\OneDrive\Codes\my-tools\Sym-Link\gui\symlink-gui.log  dest=
2026-05-11 00:45:33,512  DEBUG     core.watcher  [watchdog] modified  is_dir=False  src=C:\Users\Shi_Y\OneDrive\Codes\my-tools\Sym-Link\gui\symlink-gui.log  dest=
2026-05-11 00:45:33,513  DEBUG     core.watcher  [watchdog] modified  is_dir=False  src=C:\Users\Shi_Y\OneDrive\Codes\my-tools\Sym-Link\gui\symlink-gui.log  dest=
2026-05-11 00:45:33,914  DEBUG     core.watcher  [watchdog] modified  is_dir=False  src=C:\Users\Shi_Y\OneDrive\Codes\my-tools\Sym-Link\gui\symlink-gui.log  dest=
2026-05-11 00:45:33,915  DEBUG     core.watcher  [watchdog] modified  is_dir=False  src=C:\Users\Shi_Y\OneDrive\Codes\my-tools\Sym-Link\gui\symlink-gui.log  dest=
2026-05-11 00:45:34,317  DEBUG     core.watcher  [watchdog] modified  is_dir=False  src=C:\Users\Shi_Y\OneDrive\Codes\my-tools\Sym-Link\gui\symlink-gui.log  dest=
2026-05-11 00:45:34,318  DEBUG     core.watcher  [watchdog] modified  is_dir=False  src=C:\Users\Shi_Y\OneDrive\Codes\my-tools\Sym-Link\gui\symlink-gui.log  dest=
2026-05-11 00:45:34,718  DEBUG     core.watcher  [watchdog] modified  is_dir=False  src=C:\Users\Shi_Y\OneDrive\Codes\my-tools\Sym-Link\gui\symlink-gui.log  dest=
2026-05-11 00:45:34,728  DEBUG     core.watcher  [watchdog] modified  is_dir=False  src=C:\Users\Shi_Y\OneDrive\Codes\my-tools\Sym-Link\gui\symlink-gui.log  dest=
2026-05-11 00:45:35,121  DEBUG     core.watcher  [watchdog] modified  is_dir=False  src=C:\Users\Shi_Y\OneDrive\Codes\my-tools\Sym-Link\gui\symlink-gui.log  dest=
2026-05-11 00:45:35,158  DEBUG     core.watcher  [watchdog] modified  is_dir=False  src=C:\Users\Shi_Y\OneDrive\Codes\my-tools\Sym-Link\gui\symlink-gui.log  dest=
2026-05-11 00:45:35,525  DEBUG     core.watcher  [watchdog] modified  is_dir=False  src=C:\Users\Shi_Y\OneDrive\Codes\my-tools\Sym-Link\gui\symlink-gui.log  dest=
2026-05-11 00:45:35,555  DEBUG     core.watcher  [watchdog] modified  is_dir=False  src=C:\Users\Shi_Y\OneDrive\Codes\my-tools\Sym-Link\gui\symlink-gui.log  dest=
2026-05-11 00:45:35,915  DEBUG     core.watcher  [watchdog] modified  is_dir=False  src=C:\Users\Shi_Y\OneDrive\Codes\my-tools\Sym-Link\gui\symlink-gui.log  dest=
2026-05-11 00:45:35,916  DEBUG     core.watcher  [watchdog] modified  is_dir=False  src=C:\Users\Shi_Y\OneDrive\Codes\my-tools\Sym-Link\gui\symlink-gui.log  dest=
2026-05-11 00:45:36,368  DEBUG     core.watcher  [watchdog] modified  is_dir=False  src=C:\Users\Shi_Y\OneDrive\Codes\my-tools\Sym-Link\gui\symlink-gui.log  dest=
2026-05-11 00:45:36,397  DEBUG     core.watcher  [watchdog] modified  is_dir=False  src=C:\Users\Shi_Y\OneDrive\Codes\my-tools\Sym-Link\gui\symlink-gui.log  dest=
2026-05-11 00:45:36,765  DEBUG     core.watcher  [watchdog] modified  is_dir=False  src=C:\Users\Shi_Y\OneDrive\Codes\my-tools\Sym-Link\gui\symlink-gui.log  dest=
2026-05-11 00:45:36,790  DEBUG     core.watcher  [watchdog] modified  is_dir=False  src=C:\Users\Shi_Y\OneDrive\Codes\my-tools\Sym-Link\gui\symlink-gui.log  dest=
2026-05-11 00:45:37,168  DEBUG     core.watcher  [watchdog] modified  is_dir=False  src=C:\Users\Shi_Y\OneDrive\Codes\my-tools\Sym-Link\gui\symlink-gui.log  dest=
2026-05-11 00:45:37,176  DEBUG     core.watcher  [watchdog] modified  is_dir=False  src=C:\Users\Shi_Y\OneDrive\Codes\my-tools\Sym-Link\gui\symlink-gui.log  dest=
2026-05-11 00:45:37,439  DEBUG     core.watcher  [watchdog] modified  is_dir=False  src=C:\Users\Shi_Y\OneDrive\Codes\my-tools\Sym-Link\symlinks.json  dest=
2026-05-11 00:45:37,455  DEBUG     core.watcher  [watchdog] modified  is_dir=False  src=C:\Users\Shi_Y\OneDrive\Codes\my-tools\Sym-Link\symlinks.json  dest=
2026-05-11 00:45:37,468  DEBUG     core.watcher  [watchdog] modified  is_dir=False  src=C:\Users\Shi_Y\OneDrive\Codes\my-tools\Sym-Link\symlinks.json  dest=
2026-05-11 00:45:37,494  DEBUG     core.watcher  [watchdog] modified  is_dir=False  src=C:\Users\Shi_Y\OneDrive\Codes\my-tools\Sym-Link\symlinks.json  dest=
2026-05-11 00:45:37,568  DEBUG     core.watcher  [watchdog] modified  is_dir=False  src=C:\Users\Shi_Y\OneDrive\Codes\my-tools\Sym-Link\gui\symlink-gui.log  dest=
2026-05-11 00:45:37,579  DEBUG     core.watcher  [watchdog] modified  is_dir=False  src=C:\Users\Shi_Y\OneDrive\Codes\my-tools\Sym-Link\gui\symlink-gui.log  dest=
2026-05-11 00:45:37,972  DEBUG     core.watcher  [watchdog] modified  is_dir=False  src=C:\Users\Shi_Y\OneDrive\Codes\my-tools\Sym-Link\gui\symlink-gui.log  dest=
2026-05-11 00:45:38,373  DEBUG     core.watcher  [watchdog] modified  is_dir=False  src=C:\Users\Shi_Y\OneDrive\Codes\my-tools\Sym-Link\gui\symlink-gui.log  dest=
2026-05-11 00:45:38,379  DEBUG     core.watcher  [watchdog] modified  is_dir=False  src=C:\Users\Shi_Y\OneDrive\Codes\my-tools\Sym-Link\gui\symlink-gui.log  dest=
2026-05-11 00:45:38,776  DEBUG     core.watcher  [watchdog] modified  is_dir=False  src=C:\Users\Shi_Y\OneDrive\Codes\my-tools\Sym-Link\gui\symlink-gui.log  dest=
2026-05-11 00:45:38,777  DEBUG     core.watcher  [watchdog] modified  is_dir=False  src=C:\Users\Shi_Y\OneDrive\Codes\my-tools\Sym-Link\gui\symlink-gui.log  dest=
2026-05-11 00:45:38,778  DEBUG     core.watcher  [watchdog] modified  is_dir=False  src=C:\Users\Shi_Y\OneDrive\Codes\my-tools\Sym-Link\gui\symlink-gui.log  dest=
2026-05-11 00:45:39,167  DEBUG     core.watcher  [watchdog] modified  is_dir=False  src=C:\Users\Shi_Y\OneDrive\Codes\my-tools\Sym-Link\symlinks.json  dest=
2026-05-11 00:45:39,183  DEBUG     core.watcher  [watchdog] modified  is_dir=False  src=C:\Users\Shi_Y\OneDrive\Codes\my-tools\Sym-Link\symlinks.json  dest=
2026-05-11 00:45:39,200  DEBUG     core.watcher  [watchdog] modified  is_dir=False  src=C:\Users\Shi_Y\OneDrive\Codes\my-tools\Sym-Link\symlinks.json  dest=
2026-05-11 00:45:39,208  DEBUG     core.watcher  [watchdog] modified  is_dir=False  src=C:\Users\Shi_Y\OneDrive\Codes\my-tools\Sym-Link\gui\symlink-gui.log  dest=
2026-05-11 00:45:39,216  DEBUG     core.watcher  [watchdog] modified  is_dir=False  src=C:\Users\Shi_Y\OneDrive\Codes\my-tools\Sym-Link\symlinks.json  dest=
2026-05-11 00:45:39,231  DEBUG     core.watcher  [watchdog] modified  is_dir=False  src=C:\Users\Shi_Y\OneDrive\Codes\my-tools\Sym-Link\symlinks.json  dest=
2026-05-11 00:45:39,232  DEBUG     core.watcher  find_recent_create('empty2-link', 10.0s): deque has 0 entries
2026-05-11 00:45:39,233  DEBUG     core.watcher    → no match found
2026-05-11 00:45:39,240  DEBUG     core.watcher  find_recent_create('test-link', 10.0s): deque has 0 entries
2026-05-11 00:45:39,242  DEBUG     core.watcher    → no match found
2026-05-11 00:45:39,243  DEBUG     core.watcher  find_recent_create('new-link', 10.0s): deque has 0 entries
2026-05-11 00:45:39,245  DEBUG     core.watcher    → no match found
2026-05-11 00:45:39,248  DEBUG     core.watcher  find_recent_create('empty-link', 10.0s): deque has 0 entries
2026-05-11 00:45:39,258  DEBUG     core.watcher    → no match found
2026-05-11 00:45:39,289  INFO      core.watcher  Watching C:\Smalltools\test-drive\A (recursive=True)
2026-05-11 00:45:39,619  DEBUG     core.watcher  [watchdog] modified  is_dir=False  src=C:\Users\Shi_Y\OneDrive\Codes\my-tools\Sym-Link\gui\symlink-gui.log  dest=
2026-05-11 00:45:39,623  DEBUG     core.watcher  [watchdog] modified  is_dir=False  src=C:\Users\Shi_Y\OneDrive\Codes\my-tools\Sym-Link\gui\symlink-gui.log  dest=
2026-05-11 00:45:40,020  DEBUG     core.watcher  [watchdog] modified  is_dir=False  src=C:\Users\Shi_Y\OneDrive\Codes\my-tools\Sym-Link\gui\symlink-gui.log  dest=
2026-05-11 00:45:40,020  DEBUG     core.watcher  [watchdog] modified  is_dir=False  src=C:\Users\Shi_Y\OneDrive\Codes\my-tools\Sym-Link\gui\symlink-gui.log  dest=
2026-05-11 00:45:40,021  DEBUG     core.watcher  [watchdog] modified  is_dir=False  src=C:\Users\Shi_Y\OneDrive\Codes\my-tools\Sym-Link\gui\symlink-gui.log  dest=
2026-05-11 00:45:40,021  DEBUG     core.watcher  [watchdog] modified  is_dir=False  src=C:\Users\Shi_Y\OneDrive\Codes\my-tools\Sym-Link\gui\symlink-gui.log  dest=
2026-05-11 00:45:40,022  DEBUG     core.watcher  [watchdog] modified  is_dir=False  src=C:\Users\Shi_Y\OneDrive\Codes\my-tools\Sym-Link\gui\symlink-gui.log  dest=
2026-05-11 00:45:40,023  DEBUG     core.watcher  [watchdog] modified  is_dir=False  src=C:\Users\Shi_Y\OneDrive\Codes\my-tools\Sym-Link\gui\symlink-gui.log  dest=
2026-05-11 00:45:40,023  DEBUG     core.watcher  [watchdog] modified  is_dir=False  src=C:\Users\Shi_Y\OneDrive\Codes\my-tools\Sym-Link\gui\symlink-gui.log  dest=
2026-05-11 00:45:40,033  DEBUG     core.watcher  [watchdog] modified  is_dir=False  src=C:\Users\Shi_Y\OneDrive\Codes\my-tools\Sym-Link\gui\symlink-gui.log  dest=
2026-05-11 00:45:40,207  DEBUG     core.watcher  find_recent_create('empty2-link', 10.0s): deque has 0 entries
2026-05-11 00:45:40,208  DEBUG     core.watcher    → no match found
2026-05-11 00:45:40,210  DEBUG     core.watcher  find_recent_create('test-link', 10.0s): deque has 0 entries
2026-05-11 00:45:40,214  DEBUG     core.watcher    → no match found
2026-05-11 00:45:40,216  DEBUG     core.watcher  find_recent_create('new-link', 10.0s): deque has 0 entries
2026-05-11 00:45:40,216  DEBUG     core.watcher    → no match found
2026-05-11 00:45:40,216  DEBUG     core.watcher  find_recent_create('empty-link', 10.0s): deque has 0 entries
2026-05-11 00:45:40,216  DEBUG     core.watcher    → no match found
2026-05-11 00:45:40,439  DEBUG     core.watcher  [watchdog] modified  is_dir=False  src=C:\Users\Shi_Y\OneDrive\Codes\my-tools\Sym-Link\gui\symlink-gui.log  dest=
2026-05-11 00:45:40,845  DEBUG     core.watcher  [watchdog] modified  is_dir=False  src=C:\Users\Shi_Y\OneDrive\Codes\my-tools\Sym-Link\gui\symlink-gui.log  dest=
2026-05-11 00:45:40,846  DEBUG     core.watcher  [watchdog] modified  is_dir=False  src=C:\Users\Shi_Y\OneDrive\Codes\my-tools\Sym-Link\gui\symlink-gui.log  dest=
2026-05-11 00:45:41,234  INFO      core.watcher  symlinks.json changed, queuing smart_sync
2026-05-11 00:45:41,250  DEBUG     core.watcher  [watchdog] modified  is_dir=False  src=C:\Users\Shi_Y\OneDrive\Codes\my-tools\Sym-Link\gui\symlink-gui.log  dest=
2026-05-11 00:45:41,253  DEBUG     core.watcher  [watchdog] modified  is_dir=False  src=C:\Users\Shi_Y\OneDrive\Codes\my-tools\Sym-Link\gui\symlink-gui.log  dest=
2026-05-11 00:45:41,329  INFO      root  Smart sync done: 0 created, 0 failed, 0 broken
2026-05-11 00:45:41,653  DEBUG     core.watcher  [watchdog] modified  is_dir=False  src=C:\Users\Shi_Y\OneDrive\Codes\my-tools\Sym-Link\gui\symlink-gui.log  dest=
2026-05-11 00:45:41,659  DEBUG     core.watcher  [watchdog] modified  is_dir=False  src=C:\Users\Shi_Y\OneDrive\Codes\my-tools\Sym-Link\gui\symlink-gui.log  dest=
2026-05-11 00:45:42,054  DEBUG     core.watcher  [watchdog] modified  is_dir=False  src=C:\Users\Shi_Y\OneDrive\Codes\my-tools\Sym-Link\gui\symlink-gui.log  dest=
2026-05-11 00:45:42,060  DEBUG     core.watcher  [watchdog] modified  is_dir=False  src=C:\Users\Shi_Y\OneDrive\Codes\my-tools\Sym-Link\gui\symlink-gui.log  dest=
2026-05-11 00:45:42,456  DEBUG     core.watcher  [watchdog] modified  is_dir=False  src=C:\Users\Shi_Y\OneDrive\Codes\my-tools\Sym-Link\gui\symlink-gui.log  dest=
2026-05-11 00:45:42,457  DEBUG     core.watcher  [watchdog] modified  is_dir=False  src=C:\Users\Shi_Y\OneDrive\Codes\my-tools\Sym-Link\gui\symlink-gui.log  dest=
2026-05-11 00:45:42,860  DEBUG     core.watcher  [watchdog] modified  is_dir=False  src=C:\Users\Shi_Y\OneDrive\Codes\my-tools\Sym-Link\gui\symlink-gui.log  dest=
2026-05-11 00:45:42,861  DEBUG     core.watcher  [watchdog] modified  is_dir=False  src=C:\Users\Shi_Y\OneDrive\Codes\my-tools\Sym-Link\gui\symlink-gui.log  dest=
2026-05-11 00:45:42,863  DEBUG     core.watcher  [watchdog] modified  is_dir=False  src=C:\Users\Shi_Y\OneDrive\Codes\my-tools\Sym-Link\gui\symlink-gui.log  dest=
2026-05-11 00:45:42,864  DEBUG     core.watcher  [watchdog] modified  is_dir=False  src=C:\Users\Shi_Y\OneDrive\Codes\my-tools\Sym-Link\gui\symlink-gui.log  dest=
2026-05-11 00:45:43,283  DEBUG     core.watcher  [watchdog] modified  is_dir=False  src=C:\Users\Shi_Y\OneDrive\Codes\my-tools\Sym-Link\gui\symlink-gui.log  dest=
2026-05-11 00:45:43,468  DEBUG     core.watcher  [watchdog] modified  is_dir=False  src=C:\Users\Shi_Y\OneDrive\Codes\my-tools\Sym-Link\gui\ui\scan_window.py  dest=
2026-05-11 00:45:43,875  DEBUG     core.watcher  [watchdog] modified  is_dir=False  src=C:\Users\Shi_Y\OneDrive\Codes\my-tools\Sym-Link\gui\symlink-gui.log  dest=
2026-05-11 00:45:44,296  DEBUG     core.watcher  [watchdog] modified  is_dir=False  src=C:\Users\Shi_Y\OneDrive\Codes\my-tools\Sym-Link\gui\symlink-gui.log  dest=
2026-05-11 00:45:44,430  DEBUG     core.watcher  [watchdog] modified  is_dir=False  src=C:\Users\Shi_Y\OneDrive\Codes\my-tools\Sym-Link\gui\symlink-gui.log  dest=
2026-05-11 00:45:44,837  DEBUG     core.watcher  [watchdog] modified  is_dir=False  src=C:\Users\Shi_Y\OneDrive\Codes\my-tools\Sym-Link\gui\symlink-gui.log  dest=
2026-05-11 00:45:45,237  DEBUG     core.watcher  [watchdog] modified  is_dir=False  src=C:\Users\Shi_Y\OneDrive\Codes\my-tools\Sym-Link\gui\symlink-gui.log  dest=
2026-05-11 00:45:45,249  DEBUG     core.watcher  [watchdog] modified  is_dir=False  src=C:\Users\Shi_Y\OneDrive\Codes\my-tools\Sym-Link\gui\symlink-gui.log  dest=
2026-05-11 00:45:45,641  DEBUG     core.watcher  [watchdog] modified  is_dir=False  src=C:\Users\Shi_Y\OneDrive\Codes\my-tools\Sym-Link\gui\symlink-gui.log  dest=
2026-05-11 00:45:46,043  DEBUG     core.watcher  [watchdog] modified  is_dir=False  src=C:\Users\Shi_Y\OneDrive\Codes\my-tools\Sym-Link\gui\symlink-gui.log  dest=
2026-05-11 00:45:46,466  DEBUG     core.watcher  [watchdog] modified  is_dir=False  src=C:\Users\Shi_Y\OneDrive\Codes\my-tools\Sym-Link\gui\symlink-gui.log  dest=
2026-05-11 00:45:46,864  DEBUG     core.watcher  [watchdog] modified  is_dir=False  src=C:\Users\Shi_Y\OneDrive\Codes\my-tools\Sym-Link\gui\symlink-gui.log  dest=
2026-05-11 00:45:47,263  DEBUG     core.watcher  [watchdog] modified  is_dir=False  src=C:\Users\Shi_Y\OneDrive\Codes\my-tools\Sym-Link\gui\symlink-gui.log  dest=
2026-05-11 00:45:47,269  DEBUG     core.watcher  [watchdog] modified  is_dir=False  src=C:\Users\Shi_Y\OneDrive\Codes\my-tools\Sym-Link\gui\symlink-gui.log  dest=
2026-05-11 00:45:47,668  DEBUG     core.watcher  [watchdog] modified  is_dir=False  src=C:\Users\Shi_Y\OneDrive\Codes\my-tools\Sym-Link\gui\symlink-gui.log  dest=
2026-05-11 00:45:47,670  DEBUG     core.watcher  [watchdog] modified  is_dir=False  src=C:\Users\Shi_Y\OneDrive\Codes\my-tools\Sym-Link\gui\symlink-gui.log  dest=
